<?xml version="1.0" encoding="UTF-8"?>
<coverage generated="1651691812519" clover="3.2.0">
  <project timestamp="1651691812519" name="All files">
    <metrics statements="5" coveredstatements="5" conditionals="0" coveredconditionals="0" methods="1" coveredmethods="1" elements="6" coveredelements="6" complexity="0" loc="5" ncloc="5" packages="1" files="1" classes="1"/>
    <file name="addFunction.js" path="C:\Users\danie\Desktop\General\Extras\Programación\HTML\Microverse\Module 2\Week 8\To-Do-list\src\modules\addFunction.js">
      <metrics statements="5" coveredstatements="5" conditionals="0" coveredconditionals="0" methods="1" coveredmethods="1"/>
      <line num="2" count="2" type="stmt"/>
      <line num="7" count="2" type="stmt"/>
      <line num="8" count="2" type="stmt"/>
      <line num="9" count="2" type="stmt"/>
      <line num="10" count="2" type="stmt"/>
    </file>
  </project>
</coverage>
