{"C:\\Users\\danie\\Desktop\\General\\Extras\\Programación\\HTML\\Microverse\\Module 2\\Week 8\\To-Do-list\\src\\modules\\addFunction.js": {"path":"C:\\Users\\danie\\Desktop\\General\\Extras\\Programación\\HTML\\Microverse\\Module 2\\Week 8\\To-Do-list\\src\\modules\\addFunction.js","statementMap":{"0":{"start":{"line":2,"column":15},"end":{"line":6,"column":3}},"1":{"start":{"line":7,"column":2},"end":{"line":7,"column":19}},"2":{"start":{"line":8,"column":2},"end":{"line":8,"column":19}},"3":{"start":{"line":9,"column":2},"end":{"line":9,"column":58}},"4":{"start":{"line":10,"column":2},"end":{"line":10,"column":14}}},"fnMap":{"0":{"name":"addToDo","decl":{"start":{"line":1,"column":24},"end":{"line":1,"column":31}},"loc":{"start":{"line":1,"column":46},"end":{"line":11,"column":1}},"line":1}},"branchMap":{},"s":{"0":2,"1":2,"2":2,"3":2,"4":2},"f":{"0":2},"b":{},"_coverageSchema":"1a1c01bbd47fc00a2c39e90264f33305004495a9","hash":"40bfad91873ae5bdafb47a7567f9739d1b2dbf91"}
}
